INFO 2016-10-01 08:06:32,402 views 49801 123145533145088 로그를 남겨보자 ...
INFO 2016-10-01 08:06:32,416 basehttp 49801 123145533145088 "GET /photos/ HTTP/1.1" 200 1112
INFO 2016-10-01 08:06:32,473 basehttp 49801 123145538400256 "GET /statictest/hellow.js HTTP/1.1" 304 0
INFO 2016-10-01 08:08:05,250 views 49850 123145438183424 로그를 남겨보자 ...
INFO 2016-10-01 08:08:05,263 basehttp 49850 123145438183424 "GET /photos/ HTTP/1.1" 200 1112
INFO 2016-10-01 08:09:44,502 views 49873 123145418145792 로그를 남겨보자 ...
INFO 2016-10-01 08:09:44,516 basehttp 49873 123145418145792 "GET /photos/ HTTP/1.1" 200 1112
INFO 2016-10-01 08:09:47,792 basehttp 49873 123145423400960 "GET /photos/posts/1/ HTTP/1.1" 200 376
WARNING 2016-10-01 08:09:47,811 basehttp 49873 123145428656128 "GET /statictest/hello.js HTTP/1.1" 404 1645
INFO 2016-10-01 08:09:51,086 basehttp 49873 123145418145792 "GET /photos/posts/2/ HTTP/1.1" 200 430
INFO 2016-10-01 08:09:51,100 basehttp 49873 123145428656128 "GET /uploads/2016/10/01/20160522_1.jpg HTTP/1.1" 304 0
WARNING 2016-10-01 08:09:51,101 basehttp 49873 123145423400960 "GET /statictest/hello.js HTTP/1.1" 404 1645
INFO 2016-10-01 08:43:19,482 views 50753 123145388879872 로그를 남겨보자 ...
WARNING 2016-10-01 08:43:19,482 views 50753 123145388879872 워닝
INFO 2016-10-01 08:43:19,512 basehttp 50753 123145388879872 "GET /photos/ HTTP/1.1" 200 1112
INFO 2016-10-01 08:43:19,521 basehttp 50753 123145394135040 "GET /statictest/hellow.js HTTP/1.1" 304 0
INFO 2016-10-01 08:50:16,916 basehttp 50942 123145318588416 "GET /photos/ HTTP/1.1" 200 1112
INFO 2016-10-01 08:51:58,986 basehttp 50985 123145520447488 "GET /photos/ HTTP/1.1" 200 1112
INFO 2016-10-01 08:52:53,127 basehttp 50985 123145520447488 "GET /photos/ HTTP/1.1" 200 1112
INFO 2016-10-01 08:52:53,138 basehttp 50985 123145520447488 "GET /statictest/hellow.js HTTP/1.1" 304 0
INFO 2016-10-01 08:52:55,180 basehttp 50985 123145520447488 "GET /photos/posts/2/ HTTP/1.1" 200 430
WARNING 2016-10-01 08:52:55,198 basehttp 50985 123145520447488 "GET /statictest/hello.js HTTP/1.1" 404 1645
INFO 2016-10-01 08:52:55,198 basehttp 50985 123145525702656 "GET /uploads/2016/10/01/20160522_1.jpg HTTP/1.1" 304 0
ERROR 2016-10-01 08:59:37,467 basehttp 51190 123145432154112 "GET /photos/ HTTP/1.1" 500 64788
INFO 2016-10-01 09:01:41,589 basehttp 51258 123145560932352 "GET /photos/ HTTP/1.1" 200 192
ERROR 2016-10-01 09:07:32,348 basehttp 51421 123145564807168 "GET /photos/ HTTP/1.1" 500 108981
INFO 2016-10-01 09:07:48,514 basehttp 51421 123145564807168 "GET /photos/ HTTP/1.1" 200 732
ERROR 2016-10-01 09:08:19,376 basehttp 51421 123145564807168 "GET /photos/ HTTP/1.1" 500 128048
INFO 2016-10-01 09:08:31,888 basehttp 51421 123145564807168 "GET /photos/ HTTP/1.1" 200 728
INFO 2016-10-01 09:08:31,900 basehttp 51421 123145564807168 "GET /statictest/hellow.js HTTP/1.1" 304 0
INFO 2016-10-01 09:09:15,258 basehttp 51472 123145388494848 "GET /photos/ HTTP/1.1" 200 728
INFO 2016-10-01 09:12:49,057 basehttp 51563 123145315348480 "GET /photos/ HTTP/1.1" 200 728
INFO 2016-10-01 09:12:52,054 basehttp 51563 123145315348480 "GET /photos/create HTTP/1.1" 301 0
ERROR 2016-10-01 09:12:52,144 basehttp 51563 123145315348480 "GET /photos/create/ HTTP/1.1" 500 90437
ERROR 2016-10-01 09:12:58,830 basehttp 51563 123145315348480 "GET /photos/create/ HTTP/1.1" 500 90572
ERROR 2016-10-01 09:14:15,611 basehttp 51605 123145503887360 "GET /photos/create/ HTTP/1.1" 500 95465
ERROR 2016-10-01 09:14:30,305 basehttp 51614 123145422942208 "GET /photos/create/ HTTP/1.1" 500 66355
ERROR 2016-10-01 09:14:50,993 basehttp 51625 123145540878336 "GET /photos/create/ HTTP/1.1" 500 95465
ERROR 2016-10-01 09:15:04,655 basehttp 51634 123145364037632 "GET /photos/create/ HTTP/1.1" 500 79856
ERROR 2016-10-01 09:19:48,457 basehttp 51634 123145364037632 "GET /photos/create/ HTTP/1.1" 500 79856
ERROR 2016-10-01 09:19:50,879 basehttp 51634 123145364037632 "GET /photos/create/ HTTP/1.1" 500 79856
ERROR 2016-10-01 09:21:49,876 basehttp 51818 123145502236672 "GET /photos/create/ HTTP/1.1" 500 79856
ERROR 2016-10-01 09:23:47,980 basehttp 51884 123145432023040 "GET /photos/create/ HTTP/1.1" 500 79856
INFO 2016-10-01 09:23:49,977 basehttp 51884 123145432023040 "GET /photos/ HTTP/1.1" 200 728
ERROR 2016-10-01 09:23:52,948 basehttp 51884 123145444143104 "GET /photos/create/ HTTP/1.1" 500 79721
INFO 2016-10-01 09:27:15,682 basehttp 51976 123145521070080 "GET /photos/create/ HTTP/1.1" 200 696
INFO 2016-10-01 09:27:33,394 basehttp 51988 123145353797632 "GET /photos/create/ HTTP/1.1" 200 585
INFO 2016-10-01 09:27:38,361 basehttp 51988 123145353797632 "GET /photos/create/ HTTP/1.1" 200 585
