INFO 2016-10-15 02:23:55,120 basehttp 1075 123145503862784 "GET /photos/ HTTP/1.1" 200 355
WARNING 2016-10-15 02:23:55,130 basehttp 1075 123145503862784 "GET /static/hello.js HTTP/1.1" 404 1637
WARNING 2016-10-15 02:23:55,757 basehttp 1075 123145503862784 "GET /favicon.ico HTTP/1.1" 404 2411
WARNING 2016-10-15 02:23:58,482 basehttp 1075 123145503862784 "GET /photos/posts/ HTTP/1.1" 404 3049
WARNING 2016-10-15 02:23:59,676 basehttp 1075 123145503862784 "GET /photos/page/ HTTP/1.1" 404 3046
WARNING 2016-10-15 02:24:02,652 basehttp 1075 123145503862784 "GET /photos/pages/ HTTP/1.1" 404 3049
WARNING 2016-10-15 02:24:05,885 basehttp 1075 123145503862784 "GET /photos/page/1/ HTTP/1.1" 404 3052
INFO 2016-10-15 02:24:10,159 basehttp 1075 123145503862784 "GET /photos/create HTTP/1.1" 301 0
INFO 2016-10-15 02:24:10,168 basehttp 1075 123145503862784 "GET /photos/create/ HTTP/1.1" 302 0
ERROR 2016-10-15 02:24:10,243 basehttp 1075 123145503862784 "GET /login/?next=/photos/create/ HTTP/1.1" 500 80060
INFO 2016-10-15 02:25:25,722 basehttp 1121 123145549590528 "GET /login/?next=/photos/create/ HTTP/1.1" 200 504
INFO 2016-10-15 02:25:31,303 basehttp 1121 123145549590528 "POST /login/?next=/photos/create/ HTTP/1.1" 200 720
INFO 2016-10-15 02:27:44,919 basehttp 1215 123145549656064 "GET /login/?next=/photos/create/ HTTP/1.1" 200 504
INFO 2016-10-15 02:27:50,966 basehttp 1215 123145549656064 "POST /login/?next=/photos/create/ HTTP/1.1" 200 720
INFO 2016-10-15 02:27:56,005 basehttp 1215 123145549656064 "POST /login/?next=/photos/create/ HTTP/1.1" 200 720
INFO 2016-10-15 02:30:20,975 basehttp 1215 123145549656064 "POST /login/?next=/photos/create/ HTTP/1.1" 200 720
INFO 2016-10-15 02:30:29,834 basehttp 1215 123145549656064 "GET /photos/create/ HTTP/1.1" 302 0
INFO 2016-10-15 02:30:29,844 basehttp 1215 123145549656064 "GET /login/?next=/photos/create/ HTTP/1.1" 200 504
INFO 2016-10-15 02:30:35,729 basehttp 1215 123145549656064 "POST /login/?next=/photos/create/ HTTP/1.1" 302 0
INFO 2016-10-15 02:30:35,739 basehttp 1215 123145549656064 "GET /photos/create/ HTTP/1.1" 200 699
INFO 2016-10-15 02:30:52,642 basehttp 1215 123145549656064 "POST /photos/create/ HTTP/1.1" 302 0
INFO 2016-10-15 02:30:52,909 basehttp 1215 123145549656064 "GET /photos/posts/1/ HTTP/1.1" 200 236
INFO 2016-10-15 02:30:53,015 basehttp 1215 123145549656064 "GET /uploads/2016/10/15/20160522_1.jpg HTTP/1.1" 200 5286941
WARNING 2016-10-15 02:31:01,918 basehttp 1215 123145554911232 "GET /photos/posts/ HTTP/1.1" 404 3049
INFO 2016-10-15 02:31:06,392 basehttp 1215 123145549656064 "GET /photos/ HTTP/1.1" 200 492
WARNING 2016-10-15 02:31:06,405 basehttp 1215 123145554911232 "GET /static/hello.js HTTP/1.1" 404 1637
INFO 2016-10-15 02:31:12,815 basehttp 1215 123145549656064 "GET /photos/create/ HTTP/1.1" 200 699
INFO 2016-10-15 02:31:22,722 basehttp 1215 123145549656064 "POST /photos/create/ HTTP/1.1" 302 0
INFO 2016-10-15 02:31:22,735 basehttp 1215 123145554911232 "GET /photos/posts/2/ HTTP/1.1" 200 236
INFO 2016-10-15 02:31:22,780 basehttp 1215 123145549656064 "GET /uploads/2016/10/15/20160522_2.jpg HTTP/1.1" 200 5880831
INFO 2016-10-15 02:31:25,149 basehttp 1215 123145549656064 "GET /photos/posts/2/like/ HTTP/1.1" 200 9
INFO 2016-10-15 02:31:30,239 basehttp 1215 123145549656064 "GET /photos/ HTTP/1.1" 200 628
WARNING 2016-10-15 02:31:30,254 basehttp 1215 123145554911232 "GET /static/hello.js HTTP/1.1" 404 1637
INFO 2016-10-15 02:31:32,177 basehttp 1215 123145560166400 "GET /photos/posts/2/ HTTP/1.1" 200 243
INFO 2016-10-15 02:31:32,186 basehttp 1215 123145549656064 "GET /uploads/2016/10/15/20160522_2.jpg HTTP/1.1" 304 0
INFO 2016-10-15 02:31:42,671 basehttp 1215 123145549656064 "GET /photos/create/ HTTP/1.1" 200 699
INFO 2016-10-15 02:31:55,297 basehttp 1215 123145549656064 "POST /photos/create/ HTTP/1.1" 302 0
INFO 2016-10-15 02:31:55,306 basehttp 1215 123145554911232 "GET /photos/posts/3/ HTTP/1.1" 200 236
INFO 2016-10-15 02:31:55,349 basehttp 1215 123145549656064 "GET /uploads/2016/10/15/20160702_1.jpg HTTP/1.1" 200 4973873
INFO 2016-10-15 02:32:00,418 basehttp 1215 123145549656064 "GET /photos/ HTTP/1.1" 200 628
WARNING 2016-10-15 02:32:00,432 basehttp 1215 123145554911232 "GET /static/hello.js HTTP/1.1" 404 1637
WARNING 2016-10-15 02:33:00,280 basehttp 1215 123145549656064 "GET /photos/pages/1 HTTP/1.1" 404 3052
INFO 2016-10-15 02:35:17,606 basehttp 1215 123145549656064 "GET /photos/ HTTP/1.1" 200 1140
WARNING 2016-10-15 02:35:17,619 basehttp 1215 123145549656064 "GET /static/hello.js HTTP/1.1" 404 1637
INFO 2016-10-15 02:35:19,210 basehttp 1215 123145549656064 "GET /photos/?page=2 HTTP/1.1" 200 1034
WARNING 2016-10-15 02:35:19,222 basehttp 1215 123145549656064 "GET /static/hello.js HTTP/1.1" 404 1637
INFO 2016-10-15 02:35:19,961 basehttp 1215 123145549656064 "GET /photos/?page=1 HTTP/1.1" 200 1140
WARNING 2016-10-15 02:35:19,973 basehttp 1215 123145549656064 "GET /static/hello.js HTTP/1.1" 404 1637
INFO 2016-10-15 02:35:25,231 basehttp 1215 123145549656064 "GET /photos/create/ HTTP/1.1" 200 699
INFO 2016-10-15 02:35:40,717 basehttp 1215 123145549656064 "POST /photos/create/ HTTP/1.1" 302 0
INFO 2016-10-15 02:35:40,728 basehttp 1215 123145554911232 "GET /photos/posts/4/ HTTP/1.1" 200 236
INFO 2016-10-15 02:35:40,772 basehttp 1215 123145549656064 "GET /uploads/2016/10/15/20160702_2.jpg HTTP/1.1" 200 4820707
INFO 2016-10-15 02:35:46,327 basehttp 1215 123145549656064 "GET /photos/ HTTP/1.1" 200 1141
WARNING 2016-10-15 02:35:46,340 basehttp 1215 123145554911232 "GET /static/hello.js HTTP/1.1" 404 1637
INFO 2016-10-15 02:35:49,833 basehttp 1215 123145549656064 "GET /photos/posts/4/ HTTP/1.1" 200 236
INFO 2016-10-15 02:35:49,842 basehttp 1215 123145549656064 "GET /uploads/2016/10/15/20160702_2.jpg HTTP/1.1" 304 0
WARNING 2016-10-15 02:35:59,267 basehttp 1215 123145549656064 "GET /photos/posts/create/ HTTP/1.1" 404 3070
INFO 2016-10-15 02:36:03,920 basehttp 1215 123145554911232 "GET /photos/create/ HTTP/1.1" 200 699
INFO 2016-10-15 03:00:53,789 basehttp 1215 123145549656064 "GET /photos/create/ HTTP/1.1" 200 1537
INFO 2016-10-15 03:00:53,802 basehttp 1215 123145554911232 "GET /static/vintage.presets.js HTTP/1.1" 200 2149
INFO 2016-10-15 03:00:53,802 basehttp 1215 123145549656064 "GET /static/jquery.vintage.min.js HTTP/1.1" 200 3627
INFO 2016-10-15 03:01:17,688 basehttp 2177 123145577431040 "GET /photos/create/ HTTP/1.1" 200 1537
INFO 2016-10-15 03:06:56,908 basehttp 2325 123145350905856 "GET /photos/create/ HTTP/1.1" 200 1656
INFO 2016-10-15 03:07:14,611 basehttp 2325 123145350905856 "GET /photos/create/ HTTP/1.1" 200 1656
INFO 2016-10-15 03:07:14,631 basehttp 2325 123145350905856 "GET /static/jquery.vintage.min.js HTTP/1.1" 304 0
INFO 2016-10-15 03:07:14,631 basehttp 2325 123145356161024 "GET /static/vintage.presets.js HTTP/1.1" 304 0
INFO 2016-10-15 03:07:37,437 basehttp 2325 123145350905856 "GET /photos/create/ HTTP/1.1" 200 1656
INFO 2016-10-15 03:07:37,452 basehttp 2325 123145350905856 "GET /static/jquery.vintage.min.js HTTP/1.1" 304 0
INFO 2016-10-15 03:07:37,452 basehttp 2325 123145356161024 "GET /static/vintage.presets.js HTTP/1.1" 304 0
INFO 2016-10-15 03:08:29,678 basehttp 2325 123145350905856 "GET /photos/create/ HTTP/1.1" 200 1656
INFO 2016-10-15 03:08:29,694 basehttp 2325 123145356161024 "GET /static/vintage.presets.js HTTP/1.1" 304 0
INFO 2016-10-15 03:08:29,694 basehttp 2325 123145350905856 "GET /static/jquery.vintage.min.js HTTP/1.1" 304 0
